ISim log file
Running: /home/zjshaver/cpre488/cpre488_final/Project/system/pcores/axis_color_filter_v1_00_a/devl/projnav/rgb2hsv_isim_beh.exe -intstyle ise -gui -tclbatch isim.cmd -wdb /home/zjshaver/cpre488/cpre488_final/Project/system/pcores/axis_color_filter_v1_00_a/devl/projnav/rgb2hsv_isim_beh.wdb 
ISim P.68d (signature 0xfbc00daa)
----------------------------------------------------------------------
INFO:Security:51 - The XILINXD_LICENSE_FILE environment variable is not set.
INFO:Security:52 - The LM_LICENSE_FILE environment variable is set to '1717@io.ece.iastate.edu:27006@io.ece.iastate.edu'.
WARNING:Security:43 - No license file was found in the standard Xilinx license directory.
WARNING:Security:44 - Since no license file was found,
       please run the Xilinx License Configuration Manager
       (xlcm or "Manage Xilinx Licenses")
       to assist in obtaining a license.
WARNING:Security:42 - Your software subscription period has lapsed. Your current version of Xilinx tools will continue to function, but you no longer qualify for Xilinx software updates or new releases.


----------------------------------------------------------------------
This is a Full version of ISim.
Time resolution is 1 ps
# onerror resume
# wave add /
# run 1000 ns
Simulator is doing circuit initialization process.
at 0 ps, Instance /rgb2hsv/ : Warning: NUMERIC_STD.">": metavalue detected, returning FALSE
at 0 ps, Instance /rgb2hsv/ : Warning: NUMERIC_STD.">": metavalue detected, returning FALSE
at 0 ps, Instance /rgb2hsv/ : Warning: NUMERIC_STD."<": metavalue detected, returning FALSE
at 0 ps, Instance /rgb2hsv/ : Warning: NUMERIC_STD.TO_INTEGER: metavalue detected, returning 0
at 0 ps, Instance /rgb2hsv/ : Warning: NUMERIC_STD.TO_INTEGER: metavalue detected, returning 0
at 0 ps, Instance /rgb2hsv/ : Warning: NUMERIC_STD.TO_INTEGER: metavalue detected, returning 0
at 0 ps, Instance /rgb2hsv/ : Warning: NUMERIC_STD.TO_INTEGER: metavalue detected, returning 0
at 0 ps, Instance /rgb2hsv/ : Warning: NUMERIC_STD.TO_INTEGER: metavalue detected, returning 0
ERROR: In process rgb2hsv.vhd:98 
 FATAL ERROR:ISim: This application has discovered an exceptional condition from which it cannot recover. Process will terminate. To search for possible resolutions to this issue, refer to the Xilinx answer database by going to http://www.xilinx.com/support/answers/index.htm and search with keywords 'ISim' and 'FATAL ERROR'. For technical support on this issue, please open a WebCase with this project attached at http://www.xilinx.com/support.
INFO: Simulator is stopped.
# exit 0
