14:39:32 **** Build of project device-tree_bsp_0 ****
make -k all 
libgen -hw ../system_hw_platform/system.xml\
	       -lp ../../repository -lp /home/zjshaver/cpre488/cpre488_final/Project/repository/ProcessorIPLib\
	       -pe ps7_cortexa9_0 \
	       -log libgen.log \
	       system.mss
libgen
Xilinx EDK 14.6 Build EDK_P.68d
Copyright (c) 1995-2012 Xilinx, Inc.  All rights reserved.

Command Line: libgen -hw ../system_hw_platform/system.xml -lp ../../repository
-lp /home/zjshaver/cpre488/cpre488_final/Project/repository/ProcessorIPLib -pe
ps7_cortexa9_0 -log libgen.log system.mss 


Staging source files.
Running DRCs.
#--------------------------------------
# device-tree BSP DRC...
#--------------------------------------
Running generate.
#--------------------------------------
# device-tree BSP generate...
#--------------------------------------
--- device tree generator version: v1.1 ---
generating xilinx.dts
Clock Port Summary:
axi4lite_0.INTERCONNECT_ACLK connected to axi4lite_0_clk:
    CLK_FREQ_HZ = 50000000
axi4lite_0.S_AXI_ACLK connected to axi4lite_0_S_ACLK:
    CLK_FREQ_HZ = WARNING: no frequency found!
axi4lite_0.M_AXI_ACLK connected to axi4lite_0_M_ACLK:
    CLK_FREQ_HZ = WARNING: no frequency found!
axi_interconnect_1.INTERCONNECT_ACLK connected to
processing_system7_0_FCLK_CLK3:
    CLK_FREQ_HZ = 142857132
axi_interconnect_1.S_AXI_ACLK connected to axi_interconnect_1_S_ACLK:
    CLK_FREQ_HZ = WARNING: no frequency found!
axi_interconnect_1.M_AXI_ACLK connected to axi_interconnect_1_M_ACLK:
    CLK_FREQ_HZ = WARNING: no frequency found!
axi_vdma_0.s_axi_lite_aclk connected to axi4lite_0_clk:
    CLK_FREQ_HZ = 50000000
axi_vdma_0.m_axi_mm2s_aclk connected to axi4lite_0_clk:
    CLK_FREQ_HZ = 50000000
axi_vdma_0.m_axi_s2mm_aclk connected to axi4lite_0_clk:
    CLK_FREQ_HZ = 50000000
axi_vdma_0.m_axis_mm2s_aclk connected to axi4lite_0_clk:
    CLK_FREQ_HZ = 50000000
axi_vdma_0.s_axis_s2mm_aclk connected to axi4lite_0_clk:
    CLK_FREQ_HZ = 50000000
btns_5bits.S_AXI_ACLK connected to axi4lite_0_clk:
    CLK_FREQ_HZ = 50000000
sws_8bits.S_AXI_ACLK connected to axi4lite_0_clk:
    CLK_FREQ_HZ = 50000000
ps7_axi_interconnect_0.M_AXI_GP0_ACLK connected to axi4lite_0_clk:
    CLK_FREQ_HZ = WARNING: no frequency found!
ps7_axi_interconnect_0.M_AXI_GP1_ACLK connected to
ps7_axi_interconnect_0_M_AXI_GP1_ACLK:
    CLK_FREQ_HZ = WARNING: no frequency found!
ps7_axi_interconnect_0.S_AXI_HP1_ACLK connected to
ps7_axi_interconnect_0_S_AXI_HP1_ACLK:
    CLK_FREQ_HZ = WARNING: no frequency found!
ps7_axi_interconnect_0.S_AXI_ACP_ACLK connected to
ps7_axi_interconnect_0_S_AXI_ACP_ACLK:
    CLK_FREQ_HZ = WARNING: no frequency found!
ps7_axi_interconnect_0.S_AXI_GP1_ACLK connected to
ps7_axi_interconnect_0_S_AXI_GP1_ACLK:
    CLK_FREQ_HZ = WARNING: no frequency found!
ps7_axi_interconnect_0.S_AXI_GP0_ACLK connected to
ps7_axi_interconnect_0_S_AXI_GP0_ACLK:
    CLK_FREQ_HZ = WARNING: no frequency found!
ps7_axi_interconnect_0.S_AXI_HP3_ACLK connected to
ps7_axi_interconnect_0_S_AXI_HP3_ACLK:
    CLK_FREQ_HZ = WARNING: no frequency found!
ps7_axi_interconnect_0.S_AXI_HP2_ACLK connected to
ps7_axi_interconnect_0_S_AXI_HP2_ACLK:
    CLK_FREQ_HZ = WARNING: no frequency found!
ps7_axi_interconnect_0.S_AXI_HP0_ACLK connected to
processing_system7_0_FCLK_CLK3:
    CLK_FREQ_HZ = WARNING: no frequency found!
ps7_axi_interconnect_0.S_AXI_ACLK connected to ps7_axi_interconnect_0_S_ACLK:
    CLK_FREQ_HZ = WARNING: no frequency found!
ps7_axi_interconnect_0.M_AXI_ACLK connected to ps7_axi_interconnect_0_M_ACLK:
    CLK_FREQ_HZ = WARNING: no frequency found!
IP connected to bus: ps7_axi_interconnect_0
-master M_AXI_DP ps7_axi_interconnect_0 ps7_cortexa9_0
-master M_AXI_DP ps7_axi_interconnect_0 ps7_cortexa9_1
-slave S_AXI ps7_axi_interconnect_0 ps7_uart_1
-slave S_AXI ps7_axi_interconnect_0 ps7_afi_0
-slave S_AXI ps7_axi_interconnect_0 ps7_afi_1
-slave S_AXI ps7_axi_interconnect_0 ps7_afi_2
-slave S_AXI ps7_axi_interconnect_0 ps7_afi_3
-slave S_AXI ps7_axi_interconnect_0 ps7_sd_0
-slave S_AXI ps7_axi_interconnect_0 ps7_ttc_0
-slave S_AXI ps7_axi_interconnect_0 ps7_ethernet_0
-slave S_AXI ps7_axi_interconnect_0 ps7_usb_0
-slave S_AXI ps7_axi_interconnect_0 ps7_qspi_0
-slave S_AXI ps7_axi_interconnect_0 ps7_qspi_linear_0
-slave S_AXI ps7_axi_interconnect_0 ps7_ddr_0
-slave S_AXI ps7_axi_interconnect_0 ps7_gpio_0
-slave S_AXI ps7_axi_interconnect_0 ps7_ddrc_0
-slave S_AXI ps7_axi_interconnect_0 ps7_dev_cfg_0
-slave S_AXI_LITE ps7_axi_interconnect_0 ps7_dma_s
-slave S_AXI ps7_axi_interconnect_0 ps7_iop_bus_config_0
-slave S_AXI ps7_axi_interconnect_0 ps7_ram_0
-slave S_AXI ps7_axi_interconnect_0 ps7_ram_1
-slave S_AXI ps7_axi_interconnect_0 ps7_scugic_0
-slave S_AXI ps7_axi_interconnect_0 ps7_scutimer_0
-slave S_AXI ps7_axi_interconnect_0 ps7_scuwdt_0
-slave S_AXI ps7_axi_interconnect_0 ps7_slcr_0
-slave S_AXI_LITE ps7_axi_interconnect_0 ps7_dma_ns
-slave axi_vdma_0
-slave btns_5bits
-slave ps7_afi_0
IP 51796192 ps7_afi_0 is already appended - skip it
-slave ps7_afi_1
IP 51796592 ps7_afi_1 is already appended - skip it
-slave ps7_afi_2
IP 51796992 ps7_afi_2 is already appended - skip it
-slave ps7_afi_3
IP 51797392 ps7_afi_3 is already appended - skip it
-slave ps7_ddr_0
IP 51800192 ps7_ddr_0 is already appended - skip it
-slave ps7_ddrc_0
IP 51801392 ps7_ddrc_0 is already appended - skip it
-slave ps7_dev_cfg_0
IP 51801792 ps7_dev_cfg_0 is already appended - skip it
-slave ps7_dma_ns
-slave ps7_dma_s
IP 51802192 ps7_dma_s is already appended - skip it
-slave ps7_ethernet_0
IP 51798592 ps7_ethernet_0 is already appended - skip it
-slave ps7_gpio_0
IP 51800592 ps7_gpio_0 is already appended - skip it
-slave ps7_iop_bus_config_0
IP 51802592 ps7_iop_bus_config_0 is already appended - skip it
-slave ps7_qspi_0
IP 51799392 ps7_qspi_0 is already appended - skip it
-slave ps7_qspi_linear_0
IP 51799792 ps7_qspi_linear_0 is already appended - skip it
-slave ps7_ram_0
IP 51802992 ps7_ram_0 is already appended - skip it
-slave ps7_ram_1
IP 51803392 ps7_ram_1 is already appended - skip it
-slave ps7_scugic_0
IP 51803792 ps7_scugic_0 is already appended - skip it
-slave ps7_scutimer_0
IP 51804192 ps7_scutimer_0 is already appended - skip it
-slave ps7_scuwdt_0
IP 51804592 ps7_scuwdt_0 is already appended - skip it
-slave ps7_sd_0
IP 51797792 ps7_sd_0 is already appended - skip it
-slave ps7_slcr_0
IP 51804992 ps7_slcr_0 is already appended - skip it
-slave ps7_ttc_0
IP 51798192 ps7_ttc_0 is already appended - skip it
-slave ps7_uart_1
IP 51795792 ps7_uart_1 is already appended - skip it
-slave ps7_usb_0
IP 51798992 ps7_usb_0 is already appended - skip it
-slave sws_8bits
ps7_afi_0
ps7_afi_1
ps7_afi_2
ps7_afi_3
{serial0 aliasref ps7_uart_1 0} {ethernet0 aliasref ps7_ethernet_0 0}
Running post_generate.
Running execs_generate.
Finished building libraries

14:39:40 Build Finished (took 7s.982ms)

